This file contains any messages produced by compilers while
running configure, to aid debugging if configure makes a mistake.

It was created by mahimahi configure 0.95, which was
generated by GNU Autoconf 2.69.  Invocation command line was

  $ ./configure 

## --------- ##
## Platform. ##
## --------- ##

hostname = mehrdad-virtual-machine
uname -m = x86_64
uname -r = 4.4.0-31-generic
uname -s = Linux
uname -v = #50~14.04.1-Ubuntu SMP Wed Jul 13 01:07:32 UTC 2016

/usr/bin/uname -p = unknown
/bin/uname -X     = unknown

/bin/arch              = unknown
/usr/bin/arch -k       = unknown
/usr/convex/getsysinfo = unknown
/usr/bin/hostinfo      = unknown
/bin/machine           = unknown
/usr/bin/oslevel       = unknown
/bin/universe          = unknown

PATH: /usr/local/sbin
PATH: /usr/local/bin
PATH: /usr/sbin
PATH: /usr/bin
PATH: /sbin
PATH: /bin
PATH: /usr/games
PATH: /usr/local/games
PATH: /usr/lib/jvm/java-8-oracle/bin
PATH: /usr/lib/jvm/java-8-oracle/db/bin
PATH: /usr/lib/jvm/java-8-oracle/jre/bin


## ----------- ##
## Core tests. ##
## ----------- ##

configure:2567: checking for a BSD-compatible install
configure:2635: result: /usr/bin/install -c
configure:2646: checking whether build environment is sane
configure:2701: result: yes
configure:2852: checking for a thread-safe mkdir -p
configure:2891: result: /bin/mkdir -p
configure:2898: checking for gawk
configure:2914: found /usr/bin/gawk
configure:2925: result: gawk
configure:2936: checking whether make sets $(MAKE)
configure:2958: result: yes
configure:2987: checking whether make supports nested variables
configure:3004: result: yes
configure:3162: checking build system type
configure:3176: result: x86_64-unknown-linux-gnu
configure:3196: checking host system type
configure:3209: result: x86_64-unknown-linux-gnu
configure:3250: checking how to print strings
configure:3277: result: printf
configure:3310: checking for style of include used by make
configure:3338: result: GNU
configure:3409: checking for gcc
configure:3425: found /usr/bin/gcc
configure:3436: result: gcc
configure:3665: checking for C compiler version
configure:3674: gcc --version >&5
gcc (Ubuntu 4.8.4-2ubuntu1~14.04.3) 4.8.4
Copyright (C) 2013 Free Software Foundation, Inc.
This is free software; see the source for copying conditions.  There is NO
warranty; not even for MERCHANTABILITY or FITNESS FOR A PARTICULAR PURPOSE.

configure:3685: $? = 0
configure:3674: gcc -v >&5
Using built-in specs.
COLLECT_GCC=gcc
COLLECT_LTO_WRAPPER=/usr/lib/gcc/x86_64-linux-gnu/4.8/lto-wrapper
Target: x86_64-linux-gnu
Configured with: ../src/configure -v --with-pkgversion='Ubuntu 4.8.4-2ubuntu1~14.04.3' --with-bugurl=file:///usr/share/doc/gcc-4.8/README.Bugs --enable-languages=c,c++,java,go,d,fortran,objc,obj-c++ --prefix=/usr --program-suffix=-4.8 --enable-shared --enable-linker-build-id --libexecdir=/usr/lib --without-included-gettext --enable-threads=posix --with-gxx-include-dir=/usr/include/c++/4.8 --libdir=/usr/lib --enable-nls --with-sysroot=/ --enable-clocale=gnu --enable-libstdcxx-debug --enable-libstdcxx-time=yes --enable-gnu-unique-object --disable-libmudflap --enable-plugin --with-system-zlib --disable-browser-plugin --enable-java-awt=gtk --enable-gtk-cairo --with-java-home=/usr/lib/jvm/java-1.5.0-gcj-4.8-amd64/jre --enable-java-home --with-jvm-root-dir=/usr/lib/jvm/java-1.5.0-gcj-4.8-amd64 --with-jvm-jar-dir=/usr/lib/jvm-exports/java-1.5.0-gcj-4.8-amd64 --with-arch-directory=amd64 --with-ecj-jar=/usr/share/java/eclipse-ecj.jar --enable-objc-gc --enable-multiarch --disable-werror --with-arch-32=i686 --with-abi=m64 --with-multilib-list=m32,m64,mx32 --with-tune=generic --enable-checking=release --build=x86_64-linux-gnu --host=x86_64-linux-gnu --target=x86_64-linux-gnu
Thread model: posix
gcc version 4.8.4 (Ubuntu 4.8.4-2ubuntu1~14.04.3) 
configure:3685: $? = 0
configure:3674: gcc -V >&5
gcc: error: unrecognized command line option '-V'
gcc: fatal error: no input files
compilation terminated.
configure:3685: $? = 4
configure:3674: gcc -qversion >&5
gcc: error: unrecognized command line option '-qversion'
gcc: fatal error: no input files
compilation terminated.
configure:3685: $? = 4
configure:3705: checking whether the C compiler works
configure:3727: gcc    conftest.c  >&5
configure:3731: $? = 0
configure:3779: result: yes
configure:3782: checking for C compiler default output file name
configure:3784: result: a.out
configure:3790: checking for suffix of executables
configure:3797: gcc -o conftest    conftest.c  >&5
configure:3801: $? = 0
configure:3823: result: 
configure:3845: checking whether we are cross compiling
configure:3853: gcc -o conftest    conftest.c  >&5
configure:3857: $? = 0
configure:3864: ./conftest
configure:3868: $? = 0
configure:3883: result: no
configure:3888: checking for suffix of object files
configure:3910: gcc -c   conftest.c >&5
configure:3914: $? = 0
configure:3935: result: o
configure:3939: checking whether we are using the GNU C compiler
configure:3958: gcc -c   conftest.c >&5
configure:3958: $? = 0
configure:3967: result: yes
configure:3976: checking whether gcc accepts -g
configure:3996: gcc -c -g  conftest.c >&5
configure:3996: $? = 0
configure:4037: result: yes
configure:4054: checking for gcc option to accept ISO C89
configure:4117: gcc  -c -g -O2  conftest.c >&5
configure:4117: $? = 0
configure:4130: result: none needed
configure:4155: checking whether gcc understands -c and -o together
configure:4177: gcc -c conftest.c -o conftest2.o
configure:4180: $? = 0
configure:4177: gcc -c conftest.c -o conftest2.o
configure:4180: $? = 0
configure:4192: result: yes
configure:4211: checking dependency style of gcc
configure:4322: result: gcc3
configure:4337: checking for a sed that does not truncate output
configure:4401: result: /bin/sed
configure:4419: checking for grep that handles long lines and -e
configure:4477: result: /bin/grep
configure:4482: checking for egrep
configure:4544: result: /bin/grep -E
configure:4549: checking for fgrep
configure:4611: result: /bin/grep -F
configure:4646: checking for ld used by gcc
configure:4713: result: /usr/bin/ld
configure:4720: checking if the linker (/usr/bin/ld) is GNU ld
configure:4735: result: yes
configure:4747: checking for BSD- or MS-compatible name lister (nm)
configure:4796: result: /usr/bin/nm -B
configure:4926: checking the name lister (/usr/bin/nm -B) interface
configure:4933: gcc -c -g -O2  conftest.c >&5
configure:4936: /usr/bin/nm -B "conftest.o"
configure:4939: output
0000000000000000 B some_variable
configure:4946: result: BSD nm
configure:4949: checking whether ln -s works
configure:4953: result: yes
configure:4961: checking the maximum length of command line arguments
configure:5092: result: 1572864
configure:5109: checking whether the shell understands some XSI constructs
configure:5119: result: yes
configure:5123: checking whether the shell understands "+="
configure:5129: result: yes
configure:5164: checking how to convert x86_64-unknown-linux-gnu file names to x86_64-unknown-linux-gnu format
configure:5204: result: func_convert_file_noop
configure:5211: checking how to convert x86_64-unknown-linux-gnu file names to toolchain format
configure:5231: result: func_convert_file_noop
configure:5238: checking for /usr/bin/ld option to reload object files
configure:5245: result: -r
configure:5319: checking for objdump
configure:5335: found /usr/bin/objdump
configure:5346: result: objdump
configure:5378: checking how to recognize dependent libraries
configure:5576: result: pass_all
configure:5661: checking for dlltool
configure:5691: result: no
configure:5721: checking how to associate runtime and link libraries
configure:5748: result: printf %s\n
configure:5809: checking for ar
configure:5825: found /usr/bin/ar
configure:5836: result: ar
configure:5873: checking for archiver @FILE support
configure:5890: gcc -c -g -O2  conftest.c >&5
configure:5890: $? = 0
configure:5893: ar cru libconftest.a @conftest.lst >&5
configure:5896: $? = 0
configure:5901: ar cru libconftest.a @conftest.lst >&5
ar: conftest.o: No such file or directory
configure:5904: $? = 1
configure:5916: result: @
configure:5974: checking for strip
configure:5990: found /usr/bin/strip
configure:6001: result: strip
configure:6073: checking for ranlib
configure:6089: found /usr/bin/ranlib
configure:6100: result: ranlib
configure:6202: checking command to parse /usr/bin/nm -B output from gcc object
configure:6322: gcc -c -g -O2  conftest.c >&5
configure:6325: $? = 0
configure:6329: /usr/bin/nm -B conftest.o \| sed -n -e 's/^.*[ ]\([ABCDGIRSTW][ABCDGIRSTW]*\)[ ][ ]*\([_A-Za-z][_A-Za-z0-9]*\)$/\1 \2 \2/p' | sed '/ __gnu_lto/d' \> conftest.nm
configure:6332: $? = 0
configure:6398: gcc -o conftest -g -O2   conftest.c conftstm.o >&5
configure:6401: $? = 0
configure:6439: result: ok
configure:6476: checking for sysroot
configure:6506: result: no
configure:6583: gcc -c -g -O2  conftest.c >&5
configure:6586: $? = 0
configure:6775: checking for mt
configure:6791: found /bin/mt
configure:6802: result: mt
configure:6825: checking if mt is a manifest tool
configure:6831: mt '-?'
configure:6839: result: no
configure:7481: checking how to run the C preprocessor
configure:7512: gcc -E  conftest.c
configure:7512: $? = 0
configure:7526: gcc -E  conftest.c
conftest.c:11:28: fatal error: ac_nonexistent.h: No such file or directory
 #include <ac_nonexistent.h>
                            ^
compilation terminated.
configure:7526: $? = 1
configure: failed program was:
| /* confdefs.h */
| #define PACKAGE_NAME "mahimahi"
| #define PACKAGE_TARNAME "mahimahi"
| #define PACKAGE_VERSION "0.95"
| #define PACKAGE_STRING "mahimahi 0.95"
| #define PACKAGE_BUGREPORT "mahimahi@mit.edu"
| #define PACKAGE_URL ""
| #define PACKAGE "mahimahi"
| #define VERSION "0.95"
| /* end confdefs.h.  */
| #include <ac_nonexistent.h>
configure:7551: result: gcc -E
configure:7571: gcc -E  conftest.c
configure:7571: $? = 0
configure:7585: gcc -E  conftest.c
conftest.c:11:28: fatal error: ac_nonexistent.h: No such file or directory
 #include <ac_nonexistent.h>
                            ^
compilation terminated.
configure:7585: $? = 1
configure: failed program was:
| /* confdefs.h */
| #define PACKAGE_NAME "mahimahi"
| #define PACKAGE_TARNAME "mahimahi"
| #define PACKAGE_VERSION "0.95"
| #define PACKAGE_STRING "mahimahi 0.95"
| #define PACKAGE_BUGREPORT "mahimahi@mit.edu"
| #define PACKAGE_URL ""
| #define PACKAGE "mahimahi"
| #define VERSION "0.95"
| /* end confdefs.h.  */
| #include <ac_nonexistent.h>
configure:7614: checking for ANSI C header files
configure:7634: gcc -c -g -O2  conftest.c >&5
configure:7634: $? = 0
configure:7707: gcc -o conftest -g -O2   conftest.c  >&5
configure:7707: $? = 0
configure:7707: ./conftest
configure:7707: $? = 0
configure:7718: result: yes
configure:7731: checking for sys/types.h
configure:7731: gcc -c -g -O2  conftest.c >&5
configure:7731: $? = 0
configure:7731: result: yes
configure:7731: checking for sys/stat.h
configure:7731: gcc -c -g -O2  conftest.c >&5
configure:7731: $? = 0
configure:7731: result: yes
configure:7731: checking for stdlib.h
configure:7731: gcc -c -g -O2  conftest.c >&5
configure:7731: $? = 0
configure:7731: result: yes
configure:7731: checking for string.h
configure:7731: gcc -c -g -O2  conftest.c >&5
configure:7731: $? = 0
configure:7731: result: yes
configure:7731: checking for memory.h
configure:7731: gcc -c -g -O2  conftest.c >&5
configure:7731: $? = 0
configure:7731: result: yes
configure:7731: checking for strings.h
configure:7731: gcc -c -g -O2  conftest.c >&5
configure:7731: $? = 0
configure:7731: result: yes
configure:7731: checking for inttypes.h
configure:7731: gcc -c -g -O2  conftest.c >&5
configure:7731: $? = 0
configure:7731: result: yes
configure:7731: checking for stdint.h
configure:7731: gcc -c -g -O2  conftest.c >&5
configure:7731: $? = 0
configure:7731: result: yes
configure:7731: checking for unistd.h
configure:7731: gcc -c -g -O2  conftest.c >&5
configure:7731: $? = 0
configure:7731: result: yes
configure:7745: checking for dlfcn.h
configure:7745: gcc -c -g -O2  conftest.c >&5
configure:7745: $? = 0
configure:7745: result: yes
configure:7951: checking for objdir
configure:7966: result: .libs
configure:8237: checking if gcc supports -fno-rtti -fno-exceptions
configure:8255: gcc -c -g -O2  -fno-rtti -fno-exceptions conftest.c >&5
cc1: warning: command line option '-fno-rtti' is valid for C++/ObjC++ but not for C [enabled by default]
configure:8259: $? = 0
configure:8272: result: no
configure:8599: checking for gcc option to produce PIC
configure:8606: result: -fPIC -DPIC
configure:8614: checking if gcc PIC flag -fPIC -DPIC works
configure:8632: gcc -c -g -O2  -fPIC -DPIC -DPIC conftest.c >&5
configure:8636: $? = 0
configure:8649: result: yes
configure:8678: checking if gcc static flag -static works
configure:8706: result: yes
configure:8721: checking if gcc supports -c -o file.o
configure:8742: gcc -c -g -O2  -o out/conftest2.o conftest.c >&5
configure:8746: $? = 0
configure:8768: result: yes
configure:8776: checking if gcc supports -c -o file.o
configure:8823: result: yes
configure:8856: checking whether the gcc linker (/usr/bin/ld -m elf_x86_64) supports shared libraries
configure:10013: result: yes
configure:10050: checking whether -lc should be explicitly linked in
configure:10058: gcc -c -g -O2  conftest.c >&5
configure:10061: $? = 0
configure:10076: gcc -shared  -fPIC -DPIC conftest.o  -v -Wl,-soname -Wl,conftest -o conftest 2\>\&1 \| /bin/grep  -lc  \>/dev/null 2\>\&1
configure:10079: $? = 0
configure:10093: result: no
configure:10253: checking dynamic linker characteristics
configure:10753: gcc -o conftest -g -O2   -Wl,-rpath -Wl,/foo conftest.c  >&5
configure:10753: $? = 0
configure:10987: result: GNU/Linux ld.so
configure:11094: checking how to hardcode library paths into programs
configure:11119: result: immediate
configure:11659: checking whether stripping libraries is possible
configure:11664: result: yes
configure:11699: checking if libtool supports shared libraries
configure:11701: result: yes
configure:11704: checking whether to build shared libraries
configure:11725: result: yes
configure:11728: checking whether to build static libraries
configure:11732: result: yes
configure:11836: checking for g++
configure:11852: found /usr/bin/g++
configure:11863: result: g++
configure:11890: checking for C++ compiler version
configure:11899: g++ --version >&5
g++ (Ubuntu 4.8.4-2ubuntu1~14.04.3) 4.8.4
Copyright (C) 2013 Free Software Foundation, Inc.
This is free software; see the source for copying conditions.  There is NO
warranty; not even for MERCHANTABILITY or FITNESS FOR A PARTICULAR PURPOSE.

configure:11910: $? = 0
configure:11899: g++ -v >&5
Using built-in specs.
COLLECT_GCC=g++
COLLECT_LTO_WRAPPER=/usr/lib/gcc/x86_64-linux-gnu/4.8/lto-wrapper
Target: x86_64-linux-gnu
Configured with: ../src/configure -v --with-pkgversion='Ubuntu 4.8.4-2ubuntu1~14.04.3' --with-bugurl=file:///usr/share/doc/gcc-4.8/README.Bugs --enable-languages=c,c++,java,go,d,fortran,objc,obj-c++ --prefix=/usr --program-suffix=-4.8 --enable-shared --enable-linker-build-id --libexecdir=/usr/lib --without-included-gettext --enable-threads=posix --with-gxx-include-dir=/usr/include/c++/4.8 --libdir=/usr/lib --enable-nls --with-sysroot=/ --enable-clocale=gnu --enable-libstdcxx-debug --enable-libstdcxx-time=yes --enable-gnu-unique-object --disable-libmudflap --enable-plugin --with-system-zlib --disable-browser-plugin --enable-java-awt=gtk --enable-gtk-cairo --with-java-home=/usr/lib/jvm/java-1.5.0-gcj-4.8-amd64/jre --enable-java-home --with-jvm-root-dir=/usr/lib/jvm/java-1.5.0-gcj-4.8-amd64 --with-jvm-jar-dir=/usr/lib/jvm-exports/java-1.5.0-gcj-4.8-amd64 --with-arch-directory=amd64 --with-ecj-jar=/usr/share/java/eclipse-ecj.jar --enable-objc-gc --enable-multiarch --disable-werror --with-arch-32=i686 --with-abi=m64 --with-multilib-list=m32,m64,mx32 --with-tune=generic --enable-checking=release --build=x86_64-linux-gnu --host=x86_64-linux-gnu --target=x86_64-linux-gnu
Thread model: posix
gcc version 4.8.4 (Ubuntu 4.8.4-2ubuntu1~14.04.3) 
configure:11910: $? = 0
configure:11899: g++ -V >&5
g++: error: unrecognized command line option '-V'
g++: fatal error: no input files
compilation terminated.
configure:11910: $? = 4
configure:11899: g++ -qversion >&5
g++: error: unrecognized command line option '-qversion'
g++: fatal error: no input files
compilation terminated.
configure:11910: $? = 4
configure:11914: checking whether we are using the GNU C++ compiler
configure:11933: g++ -c   conftest.cpp >&5
configure:11933: $? = 0
configure:11942: result: yes
configure:11951: checking whether g++ accepts -g
configure:11971: g++ -c -g  conftest.cpp >&5
configure:11971: $? = 0
configure:12012: result: yes
configure:12037: checking dependency style of g++
configure:12148: result: gcc3
configure:12181: checking how to run the C++ preprocessor
configure:12208: g++ -E  conftest.cpp
configure:12208: $? = 0
configure:12222: g++ -E  conftest.cpp
conftest.cpp:23:28: fatal error: ac_nonexistent.h: No such file or directory
 #include <ac_nonexistent.h>
                            ^
compilation terminated.
configure:12222: $? = 1
configure: failed program was:
| /* confdefs.h */
| #define PACKAGE_NAME "mahimahi"
| #define PACKAGE_TARNAME "mahimahi"
| #define PACKAGE_VERSION "0.95"
| #define PACKAGE_STRING "mahimahi 0.95"
| #define PACKAGE_BUGREPORT "mahimahi@mit.edu"
| #define PACKAGE_URL ""
| #define PACKAGE "mahimahi"
| #define VERSION "0.95"
| #define STDC_HEADERS 1
| #define HAVE_SYS_TYPES_H 1
| #define HAVE_SYS_STAT_H 1
| #define HAVE_STDLIB_H 1
| #define HAVE_STRING_H 1
| #define HAVE_MEMORY_H 1
| #define HAVE_STRINGS_H 1
| #define HAVE_INTTYPES_H 1
| #define HAVE_STDINT_H 1
| #define HAVE_UNISTD_H 1
| #define HAVE_DLFCN_H 1
| #define LT_OBJDIR ".libs/"
| /* end confdefs.h.  */
| #include <ac_nonexistent.h>
configure:12247: result: g++ -E
configure:12267: g++ -E  conftest.cpp
configure:12267: $? = 0
configure:12281: g++ -E  conftest.cpp
conftest.cpp:23:28: fatal error: ac_nonexistent.h: No such file or directory
 #include <ac_nonexistent.h>
                            ^
compilation terminated.
configure:12281: $? = 1
configure: failed program was:
| /* confdefs.h */
| #define PACKAGE_NAME "mahimahi"
| #define PACKAGE_TARNAME "mahimahi"
| #define PACKAGE_VERSION "0.95"
| #define PACKAGE_STRING "mahimahi 0.95"
| #define PACKAGE_BUGREPORT "mahimahi@mit.edu"
| #define PACKAGE_URL ""
| #define PACKAGE "mahimahi"
| #define VERSION "0.95"
| #define STDC_HEADERS 1
| #define HAVE_SYS_TYPES_H 1
| #define HAVE_SYS_STAT_H 1
| #define HAVE_STDLIB_H 1
| #define HAVE_STRING_H 1
| #define HAVE_MEMORY_H 1
| #define HAVE_STRINGS_H 1
| #define HAVE_INTTYPES_H 1
| #define HAVE_STDINT_H 1
| #define HAVE_UNISTD_H 1
| #define HAVE_DLFCN_H 1
| #define LT_OBJDIR ".libs/"
| /* end confdefs.h.  */
| #include <ac_nonexistent.h>
configure:12450: checking for ld used by g++
configure:12517: result: /usr/bin/ld -m elf_x86_64
configure:12524: checking if the linker (/usr/bin/ld -m elf_x86_64) is GNU ld
configure:12539: result: yes
configure:12594: checking whether the g++ linker (/usr/bin/ld -m elf_x86_64) supports shared libraries
configure:13596: result: yes
configure:13632: g++ -c -g -O2  conftest.cpp >&5
configure:13635: $? = 0
configure:14155: checking for g++ option to produce PIC
configure:14162: result: -fPIC -DPIC
configure:14170: checking if g++ PIC flag -fPIC -DPIC works
configure:14188: g++ -c -g -O2  -fPIC -DPIC -DPIC conftest.cpp >&5
configure:14192: $? = 0
configure:14205: result: yes
configure:14228: checking if g++ static flag -static works
configure:14256: result: yes
configure:14268: checking if g++ supports -c -o file.o
configure:14289: g++ -c -g -O2  -o out/conftest2.o conftest.cpp >&5
configure:14293: $? = 0
configure:14315: result: yes
configure:14320: checking if g++ supports -c -o file.o
configure:14367: result: yes
configure:14397: checking whether the g++ linker (/usr/bin/ld -m elf_x86_64) supports shared libraries
configure:14436: result: yes
configure:14577: checking dynamic linker characteristics
configure:15245: result: GNU/Linux ld.so
configure:15298: checking how to hardcode library paths into programs
configure:15323: result: immediate
configure:15367: checking for iptables
configure:15385: found /sbin/iptables
configure:15398: result: /sbin/iptables
configure:15418: checking for ip
configure:15436: found /sbin/ip
configure:15449: result: /sbin/ip
configure:15471: checking for apache2
configure:15489: found /usr/sbin/apache2
configure:15501: result: /usr/sbin/apache2
configure:15525: checking for dnsmasq
configure:15543: found /usr/sbin/dnsmasq
configure:15556: result: /usr/sbin/dnsmasq
configure:15575: checking for protoc
configure:15593: found /usr/bin/protoc
configure:15605: result: /usr/bin/protoc
configure:15619: checking for apxs
configure:15637: found /usr/bin/apxs
configure:15649: result: /usr/bin/apxs
configure:15669: checking for /usr/lib/apache2/modules/mod_mpm_prefork.so
configure:15683: result: yes
configure:15697: checking for /usr/lib/apache2/modules/mod_authz_core.so
configure:15711: result: yes
configure:15725: checking for /usr/lib/apache2/modules/mod_ssl.so
configure:15739: result: yes
configure:15753: checking for /etc/ssl/certs/ssl-cert-snakeoil.pem
configure:15766: result: yes
configure:15858: checking for pkg-config
configure:15876: found /usr/bin/pkg-config
configure:15888: result: /usr/bin/pkg-config
configure:15913: checking pkg-config is at least version 0.9.0
configure:15916: result: yes
configure:15926: checking for protobuf
configure:15933: $PKG_CONFIG --exists --print-errors "protobuf"
configure:15936: $? = 0
configure:15950: $PKG_CONFIG --exists --print-errors "protobuf"
configure:15953: $? = 0
configure:16011: result: yes
configure:16017: checking for libssl
configure:16024: $PKG_CONFIG --exists --print-errors "libcrypto libssl"
configure:16027: $? = 0
configure:16041: $PKG_CONFIG --exists --print-errors "libcrypto libssl"
configure:16044: $? = 0
configure:16102: result: yes
configure:16108: checking for libapr1
configure:16115: $PKG_CONFIG --exists --print-errors "apr-1"
configure:16118: $? = 0
configure:16132: $PKG_CONFIG --exists --print-errors "apr-1"
configure:16135: $? = 0
configure:16193: result: yes
configure:16199: checking for XCB
configure:16206: $PKG_CONFIG --exists --print-errors "xcb"
configure:16209: $? = 0
configure:16223: $PKG_CONFIG --exists --print-errors "xcb"
configure:16226: $? = 0
configure:16284: result: yes
configure:16290: checking for XCBPRESENT
configure:16297: $PKG_CONFIG --exists --print-errors "xcb-present"
configure:16300: $? = 0
configure:16314: $PKG_CONFIG --exists --print-errors "xcb-present"
configure:16317: $? = 0
configure:16375: result: yes
configure:16381: checking for PANGOCAIRO
configure:16388: $PKG_CONFIG --exists --print-errors "pangocairo"
configure:16391: $? = 0
configure:16405: $PKG_CONFIG --exists --print-errors "pangocairo"
configure:16408: $? = 0
configure:16466: result: yes
configure:16475: checking for sys/types.h
configure:16475: result: yes
configure:16475: checking for netinet/in.h
configure:16475: gcc -c -g -O2  conftest.c >&5
configure:16475: $? = 0
configure:16475: result: yes
configure:16475: checking for arpa/nameser.h
configure:16475: gcc -c -g -O2  conftest.c >&5
configure:16475: $? = 0
configure:16475: result: yes
configure:16475: checking for netdb.h
configure:16475: gcc -c -g -O2  conftest.c >&5
configure:16475: $? = 0
configure:16475: result: yes
configure:16475: checking for resolv.h
configure:16475: gcc -c -g -O2  conftest.c >&5
configure:16475: $? = 0
configure:16475: result: yes
configure:16501: checking arpa/inet.h usability
configure:16501: gcc -c -g -O2  conftest.c >&5
configure:16501: $? = 0
configure:16501: result: yes
configure:16501: checking arpa/inet.h presence
configure:16501: gcc -E  conftest.c
configure:16501: $? = 0
configure:16501: result: yes
configure:16501: checking for arpa/inet.h
configure:16501: result: yes
configure:16501: checking fcntl.h usability
configure:16501: gcc -c -g -O2  conftest.c >&5
configure:16501: $? = 0
configure:16501: result: yes
configure:16501: checking fcntl.h presence
configure:16501: gcc -E  conftest.c
configure:16501: $? = 0
configure:16501: result: yes
configure:16501: checking for fcntl.h
configure:16501: result: yes
configure:16501: checking for netdb.h
configure:16501: result: yes
configure:16501: checking for netinet/in.h
configure:16501: result: yes
configure:16501: checking paths.h usability
configure:16501: gcc -c -g -O2  conftest.c >&5
configure:16501: $? = 0
configure:16501: result: yes
configure:16501: checking paths.h presence
configure:16501: gcc -E  conftest.c
configure:16501: $? = 0
configure:16501: result: yes
configure:16501: checking for paths.h
configure:16501: result: yes
configure:16501: checking sys/ioctl.h usability
configure:16501: gcc -c -g -O2  conftest.c >&5
configure:16501: $? = 0
configure:16501: result: yes
configure:16501: checking sys/ioctl.h presence
configure:16501: gcc -E  conftest.c
configure:16501: $? = 0
configure:16501: result: yes
configure:16501: checking for sys/ioctl.h
configure:16501: result: yes
configure:16501: checking sys/socket.h usability
configure:16501: gcc -c -g -O2  conftest.c >&5
configure:16501: $? = 0
configure:16501: result: yes
configure:16501: checking sys/socket.h presence
configure:16501: gcc -E  conftest.c
configure:16501: $? = 0
configure:16501: result: yes
configure:16501: checking for sys/socket.h
configure:16501: result: yes
configure:16501: checking for unistd.h
configure:16501: result: yes
configure:16515: checking for stdbool.h that conforms to C99
configure:16582: gcc -c -g -O2  conftest.c >&5
configure:16582: $? = 0
configure:16589: result: yes
configure:16591: checking for _Bool
configure:16591: gcc -c -g -O2  conftest.c >&5
configure:16591: $? = 0
configure:16591: gcc -c -g -O2  conftest.c >&5
conftest.c: In function 'main':
conftest.c:83:20: error: expected expression before ')' token
 if (sizeof ((_Bool)))
                    ^
configure:16591: $? = 1
configure: failed program was:
| /* confdefs.h */
| #define PACKAGE_NAME "mahimahi"
| #define PACKAGE_TARNAME "mahimahi"
| #define PACKAGE_VERSION "0.95"
| #define PACKAGE_STRING "mahimahi 0.95"
| #define PACKAGE_BUGREPORT "mahimahi@mit.edu"
| #define PACKAGE_URL ""
| #define PACKAGE "mahimahi"
| #define VERSION "0.95"
| #define STDC_HEADERS 1
| #define HAVE_SYS_TYPES_H 1
| #define HAVE_SYS_STAT_H 1
| #define HAVE_STDLIB_H 1
| #define HAVE_STRING_H 1
| #define HAVE_MEMORY_H 1
| #define HAVE_STRINGS_H 1
| #define HAVE_INTTYPES_H 1
| #define HAVE_STDINT_H 1
| #define HAVE_UNISTD_H 1
| #define HAVE_DLFCN_H 1
| #define LT_OBJDIR ".libs/"
| #define IPTABLES "/sbin/iptables"
| #define IP "/sbin/ip"
| #define APACHE2 "/usr/sbin/apache2"
| #define DNSMASQ "/usr/sbin/dnsmasq"
| #define MOD_MPM_PREFORK "/usr/lib/apache2/modules/mod_mpm_prefork.so"
| #define MOD_AUTHZ_CORE "/usr/lib/apache2/modules/mod_authz_core.so"
| #define MOD_SSL "/usr/lib/apache2/modules/mod_ssl.so"
| #define MOD_SSL_CERTIFICATE_FILE "/etc/ssl/certs/ssl-cert-snakeoil.pem"
| #define MOD_SSL_KEY "/etc/ssl/private/ssl-cert-snakeoil.key"
| #define REPLAYSERVER "/usr/local/bin/mm-replayserver"
| #define MOD_DEEPCGI "/usr/local/lib//libmod_deepcgi.so"
| #define HAVE_SYS_TYPES_H 1
| #define HAVE_NETINET_IN_H 1
| #define HAVE_ARPA_NAMESER_H 1
| #define HAVE_NETDB_H 1
| #define HAVE_RESOLV_H 1
| #define HAVE_ARPA_INET_H 1
| #define HAVE_FCNTL_H 1
| #define HAVE_NETDB_H 1
| #define HAVE_NETINET_IN_H 1
| #define HAVE_PATHS_H 1
| #define HAVE_SYS_IOCTL_H 1
| #define HAVE_SYS_SOCKET_H 1
| #define HAVE_UNISTD_H 1
| /* end confdefs.h.  */
| #include <stdio.h>
| #ifdef HAVE_SYS_TYPES_H
| # include <sys/types.h>
| #endif
| #ifdef HAVE_SYS_STAT_H
| # include <sys/stat.h>
| #endif
| #ifdef STDC_HEADERS
| # include <stdlib.h>
| # include <stddef.h>
| #else
| # ifdef HAVE_STDLIB_H
| #  include <stdlib.h>
| # endif
| #endif
| #ifdef HAVE_STRING_H
| # if !defined STDC_HEADERS && defined HAVE_MEMORY_H
| #  include <memory.h>
| # endif
| # include <string.h>
| #endif
| #ifdef HAVE_STRINGS_H
| # include <strings.h>
| #endif
| #ifdef HAVE_INTTYPES_H
| # include <inttypes.h>
| #endif
| #ifdef HAVE_STDINT_H
| # include <stdint.h>
| #endif
| #ifdef HAVE_UNISTD_H
| # include <unistd.h>
| #endif
| int
| main ()
| {
| if (sizeof ((_Bool)))
| 	    return 0;
|   ;
|   return 0;
| }
configure:16591: result: yes
configure:16602: checking for uid_t in sys/types.h
configure:16621: result: yes
configure:16632: checking for inline
configure:16648: gcc -c -g -O2  conftest.c >&5
configure:16648: $? = 0
configure:16656: result: inline
configure:16674: checking for pid_t
configure:16674: gcc -c -g -O2  conftest.c >&5
configure:16674: $? = 0
configure:16674: gcc -c -g -O2  conftest.c >&5
conftest.c: In function 'main':
conftest.c:84:20: error: expected expression before ')' token
 if (sizeof ((pid_t)))
                    ^
configure:16674: $? = 1
configure: failed program was:
| /* confdefs.h */
| #define PACKAGE_NAME "mahimahi"
| #define PACKAGE_TARNAME "mahimahi"
| #define PACKAGE_VERSION "0.95"
| #define PACKAGE_STRING "mahimahi 0.95"
| #define PACKAGE_BUGREPORT "mahimahi@mit.edu"
| #define PACKAGE_URL ""
| #define PACKAGE "mahimahi"
| #define VERSION "0.95"
| #define STDC_HEADERS 1
| #define HAVE_SYS_TYPES_H 1
| #define HAVE_SYS_STAT_H 1
| #define HAVE_STDLIB_H 1
| #define HAVE_STRING_H 1
| #define HAVE_MEMORY_H 1
| #define HAVE_STRINGS_H 1
| #define HAVE_INTTYPES_H 1
| #define HAVE_STDINT_H 1
| #define HAVE_UNISTD_H 1
| #define HAVE_DLFCN_H 1
| #define LT_OBJDIR ".libs/"
| #define IPTABLES "/sbin/iptables"
| #define IP "/sbin/ip"
| #define APACHE2 "/usr/sbin/apache2"
| #define DNSMASQ "/usr/sbin/dnsmasq"
| #define MOD_MPM_PREFORK "/usr/lib/apache2/modules/mod_mpm_prefork.so"
| #define MOD_AUTHZ_CORE "/usr/lib/apache2/modules/mod_authz_core.so"
| #define MOD_SSL "/usr/lib/apache2/modules/mod_ssl.so"
| #define MOD_SSL_CERTIFICATE_FILE "/etc/ssl/certs/ssl-cert-snakeoil.pem"
| #define MOD_SSL_KEY "/etc/ssl/private/ssl-cert-snakeoil.key"
| #define REPLAYSERVER "/usr/local/bin/mm-replayserver"
| #define MOD_DEEPCGI "/usr/local/lib//libmod_deepcgi.so"
| #define HAVE_SYS_TYPES_H 1
| #define HAVE_NETINET_IN_H 1
| #define HAVE_ARPA_NAMESER_H 1
| #define HAVE_NETDB_H 1
| #define HAVE_RESOLV_H 1
| #define HAVE_ARPA_INET_H 1
| #define HAVE_FCNTL_H 1
| #define HAVE_NETDB_H 1
| #define HAVE_NETINET_IN_H 1
| #define HAVE_PATHS_H 1
| #define HAVE_SYS_IOCTL_H 1
| #define HAVE_SYS_SOCKET_H 1
| #define HAVE_UNISTD_H 1
| #define HAVE__BOOL 1
| /* end confdefs.h.  */
| #include <stdio.h>
| #ifdef HAVE_SYS_TYPES_H
| # include <sys/types.h>
| #endif
| #ifdef HAVE_SYS_STAT_H
| # include <sys/stat.h>
| #endif
| #ifdef STDC_HEADERS
| # include <stdlib.h>
| # include <stddef.h>
| #else
| # ifdef HAVE_STDLIB_H
| #  include <stdlib.h>
| # endif
| #endif
| #ifdef HAVE_STRING_H
| # if !defined STDC_HEADERS && defined HAVE_MEMORY_H
| #  include <memory.h>
| # endif
| # include <string.h>
| #endif
| #ifdef HAVE_STRINGS_H
| # include <strings.h>
| #endif
| #ifdef HAVE_INTTYPES_H
| # include <inttypes.h>
| #endif
| #ifdef HAVE_STDINT_H
| # include <stdint.h>
| #endif
| #ifdef HAVE_UNISTD_H
| # include <unistd.h>
| #endif
| int
| main ()
| {
| if (sizeof ((pid_t)))
| 	    return 0;
|   ;
|   return 0;
| }
configure:16674: result: yes
configure:16685: checking for size_t
configure:16685: gcc -c -g -O2  conftest.c >&5
configure:16685: $? = 0
configure:16685: gcc -c -g -O2  conftest.c >&5
conftest.c: In function 'main':
conftest.c:84:21: error: expected expression before ')' token
 if (sizeof ((size_t)))
                     ^
configure:16685: $? = 1
configure: failed program was:
| /* confdefs.h */
| #define PACKAGE_NAME "mahimahi"
| #define PACKAGE_TARNAME "mahimahi"
| #define PACKAGE_VERSION "0.95"
| #define PACKAGE_STRING "mahimahi 0.95"
| #define PACKAGE_BUGREPORT "mahimahi@mit.edu"
| #define PACKAGE_URL ""
| #define PACKAGE "mahimahi"
| #define VERSION "0.95"
| #define STDC_HEADERS 1
| #define HAVE_SYS_TYPES_H 1
| #define HAVE_SYS_STAT_H 1
| #define HAVE_STDLIB_H 1
| #define HAVE_STRING_H 1
| #define HAVE_MEMORY_H 1
| #define HAVE_STRINGS_H 1
| #define HAVE_INTTYPES_H 1
| #define HAVE_STDINT_H 1
| #define HAVE_UNISTD_H 1
| #define HAVE_DLFCN_H 1
| #define LT_OBJDIR ".libs/"
| #define IPTABLES "/sbin/iptables"
| #define IP "/sbin/ip"
| #define APACHE2 "/usr/sbin/apache2"
| #define DNSMASQ "/usr/sbin/dnsmasq"
| #define MOD_MPM_PREFORK "/usr/lib/apache2/modules/mod_mpm_prefork.so"
| #define MOD_AUTHZ_CORE "/usr/lib/apache2/modules/mod_authz_core.so"
| #define MOD_SSL "/usr/lib/apache2/modules/mod_ssl.so"
| #define MOD_SSL_CERTIFICATE_FILE "/etc/ssl/certs/ssl-cert-snakeoil.pem"
| #define MOD_SSL_KEY "/etc/ssl/private/ssl-cert-snakeoil.key"
| #define REPLAYSERVER "/usr/local/bin/mm-replayserver"
| #define MOD_DEEPCGI "/usr/local/lib//libmod_deepcgi.so"
| #define HAVE_SYS_TYPES_H 1
| #define HAVE_NETINET_IN_H 1
| #define HAVE_ARPA_NAMESER_H 1
| #define HAVE_NETDB_H 1
| #define HAVE_RESOLV_H 1
| #define HAVE_ARPA_INET_H 1
| #define HAVE_FCNTL_H 1
| #define HAVE_NETDB_H 1
| #define HAVE_NETINET_IN_H 1
| #define HAVE_PATHS_H 1
| #define HAVE_SYS_IOCTL_H 1
| #define HAVE_SYS_SOCKET_H 1
| #define HAVE_UNISTD_H 1
| #define HAVE__BOOL 1
| /* end confdefs.h.  */
| #include <stdio.h>
| #ifdef HAVE_SYS_TYPES_H
| # include <sys/types.h>
| #endif
| #ifdef HAVE_SYS_STAT_H
| # include <sys/stat.h>
| #endif
| #ifdef STDC_HEADERS
| # include <stdlib.h>
| # include <stddef.h>
| #else
| # ifdef HAVE_STDLIB_H
| #  include <stdlib.h>
| # endif
| #endif
| #ifdef HAVE_STRING_H
| # if !defined STDC_HEADERS && defined HAVE_MEMORY_H
| #  include <memory.h>
| # endif
| # include <string.h>
| #endif
| #ifdef HAVE_STRINGS_H
| # include <strings.h>
| #endif
| #ifdef HAVE_INTTYPES_H
| # include <inttypes.h>
| #endif
| #ifdef HAVE_STDINT_H
| # include <stdint.h>
| #endif
| #ifdef HAVE_UNISTD_H
| # include <unistd.h>
| #endif
| int
| main ()
| {
| if (sizeof ((size_t)))
| 	    return 0;
|   ;
|   return 0;
| }
configure:16685: result: yes
configure:16696: checking for ssize_t
configure:16696: gcc -c -g -O2  conftest.c >&5
configure:16696: $? = 0
configure:16696: gcc -c -g -O2  conftest.c >&5
conftest.c: In function 'main':
conftest.c:84:22: error: expected expression before ')' token
 if (sizeof ((ssize_t)))
                      ^
configure:16696: $? = 1
configure: failed program was:
| /* confdefs.h */
| #define PACKAGE_NAME "mahimahi"
| #define PACKAGE_TARNAME "mahimahi"
| #define PACKAGE_VERSION "0.95"
| #define PACKAGE_STRING "mahimahi 0.95"
| #define PACKAGE_BUGREPORT "mahimahi@mit.edu"
| #define PACKAGE_URL ""
| #define PACKAGE "mahimahi"
| #define VERSION "0.95"
| #define STDC_HEADERS 1
| #define HAVE_SYS_TYPES_H 1
| #define HAVE_SYS_STAT_H 1
| #define HAVE_STDLIB_H 1
| #define HAVE_STRING_H 1
| #define HAVE_MEMORY_H 1
| #define HAVE_STRINGS_H 1
| #define HAVE_INTTYPES_H 1
| #define HAVE_STDINT_H 1
| #define HAVE_UNISTD_H 1
| #define HAVE_DLFCN_H 1
| #define LT_OBJDIR ".libs/"
| #define IPTABLES "/sbin/iptables"
| #define IP "/sbin/ip"
| #define APACHE2 "/usr/sbin/apache2"
| #define DNSMASQ "/usr/sbin/dnsmasq"
| #define MOD_MPM_PREFORK "/usr/lib/apache2/modules/mod_mpm_prefork.so"
| #define MOD_AUTHZ_CORE "/usr/lib/apache2/modules/mod_authz_core.so"
| #define MOD_SSL "/usr/lib/apache2/modules/mod_ssl.so"
| #define MOD_SSL_CERTIFICATE_FILE "/etc/ssl/certs/ssl-cert-snakeoil.pem"
| #define MOD_SSL_KEY "/etc/ssl/private/ssl-cert-snakeoil.key"
| #define REPLAYSERVER "/usr/local/bin/mm-replayserver"
| #define MOD_DEEPCGI "/usr/local/lib//libmod_deepcgi.so"
| #define HAVE_SYS_TYPES_H 1
| #define HAVE_NETINET_IN_H 1
| #define HAVE_ARPA_NAMESER_H 1
| #define HAVE_NETDB_H 1
| #define HAVE_RESOLV_H 1
| #define HAVE_ARPA_INET_H 1
| #define HAVE_FCNTL_H 1
| #define HAVE_NETDB_H 1
| #define HAVE_NETINET_IN_H 1
| #define HAVE_PATHS_H 1
| #define HAVE_SYS_IOCTL_H 1
| #define HAVE_SYS_SOCKET_H 1
| #define HAVE_UNISTD_H 1
| #define HAVE__BOOL 1
| /* end confdefs.h.  */
| #include <stdio.h>
| #ifdef HAVE_SYS_TYPES_H
| # include <sys/types.h>
| #endif
| #ifdef HAVE_SYS_STAT_H
| # include <sys/stat.h>
| #endif
| #ifdef STDC_HEADERS
| # include <stdlib.h>
| # include <stddef.h>
| #else
| # ifdef HAVE_STDLIB_H
| #  include <stdlib.h>
| # endif
| #endif
| #ifdef HAVE_STRING_H
| # if !defined STDC_HEADERS && defined HAVE_MEMORY_H
| #  include <memory.h>
| # endif
| # include <string.h>
| #endif
| #ifdef HAVE_STRINGS_H
| # include <strings.h>
| #endif
| #ifdef HAVE_INTTYPES_H
| # include <inttypes.h>
| #endif
| #ifdef HAVE_STDINT_H
| # include <stdint.h>
| #endif
| #ifdef HAVE_UNISTD_H
| # include <unistd.h>
| #endif
| int
| main ()
| {
| if (sizeof ((ssize_t)))
| 	    return 0;
|   ;
|   return 0;
| }
configure:16696: result: yes
configure:16707: checking for uint16_t
configure:16707: gcc -c -g -O2  conftest.c >&5
configure:16707: $? = 0
configure:16707: result: yes
configure:16719: checking for uint32_t
configure:16719: gcc -c -g -O2  conftest.c >&5
configure:16719: $? = 0
configure:16719: result: yes
configure:16733: checking for uint64_t
configure:16733: gcc -c -g -O2  conftest.c >&5
configure:16733: $? = 0
configure:16733: result: yes
configure:16747: checking for uint8_t
configure:16747: gcc -c -g -O2  conftest.c >&5
configure:16747: $? = 0
configure:16747: result: yes
configure:16766: checking for clock_gettime
configure:16766: gcc -o conftest -g -O2   conftest.c  >&5
configure:16766: $? = 0
configure:16766: result: yes
configure:16766: checking for inet_ntoa
configure:16766: gcc -o conftest -g -O2   conftest.c  >&5
configure:16766: $? = 0
configure:16766: result: yes
configure:16766: checking for memset
configure:16766: gcc -o conftest -g -O2   conftest.c  >&5
conftest.c:73:6: warning: conflicting types for built-in function 'memset' [enabled by default]
 char memset ();
      ^
configure:16766: $? = 0
configure:16766: result: yes
configure:16766: checking for mkdir
configure:16766: gcc -o conftest -g -O2   conftest.c  >&5
configure:16766: $? = 0
configure:16766: result: yes
configure:16766: checking for setenv
configure:16766: gcc -o conftest -g -O2   conftest.c  >&5
configure:16766: $? = 0
configure:16766: result: yes
configure:16766: checking for socket
configure:16766: gcc -o conftest -g -O2   conftest.c  >&5
configure:16766: $? = 0
configure:16766: result: yes
configure:16766: checking for strerror
configure:16766: gcc -o conftest -g -O2   conftest.c  >&5
configure:16766: $? = 0
configure:16766: result: yes
configure:16766: checking for strtol
configure:16766: gcc -o conftest -g -O2   conftest.c  >&5
configure:16766: $? = 0
configure:16766: result: yes
configure:16887: checking that generated files are newer than configure
configure:16893: result: done
configure:16920: creating ./config.status

## ---------------------- ##
## Running config.status. ##
## ---------------------- ##

This file was extended by mahimahi config.status 0.95, which was
generated by GNU Autoconf 2.69.  Invocation command line was

  CONFIG_FILES    = 
  CONFIG_HEADERS  = 
  CONFIG_LINKS    = 
  CONFIG_COMMANDS = 
  $ ./config.status 

on mehrdad-virtual-machine

config.status:1214: creating Makefile
config.status:1214: creating src/Makefile
config.status:1214: creating src/util/Makefile
config.status:1214: creating src/packet/Makefile
config.status:1214: creating src/graphing/Makefile
config.status:1214: creating src/http/Makefile
config.status:1214: creating src/httpserver/Makefile
config.status:1214: creating src/frontend/Makefile
config.status:1214: creating src/protobufs/Makefile
config.status:1214: creating src/tests/Makefile
config.status:1214: creating man/Makefile
config.status:1214: creating traces/Makefile
config.status:1214: creating scripts/Makefile
config.status:1214: creating config.h
config.status:1395: config.h is unchanged
config.status:1443: executing depfiles commands
config.status:1443: executing libtool commands

## ---------------- ##
## Cache variables. ##
## ---------------- ##

ac_cv_build=x86_64-unknown-linux-gnu
ac_cv_c_compiler_gnu=yes
ac_cv_c_inline=inline
ac_cv_c_uint16_t=yes
ac_cv_c_uint32_t=yes
ac_cv_c_uint64_t=yes
ac_cv_c_uint8_t=yes
ac_cv_cxx_compiler_gnu=yes
ac_cv_env_APACHE2_set=
ac_cv_env_APACHE2_value=
ac_cv_env_CCC_set=
ac_cv_env_CCC_value=
ac_cv_env_CC_set=
ac_cv_env_CC_value=
ac_cv_env_CFLAGS_set=
ac_cv_env_CFLAGS_value=
ac_cv_env_CPPFLAGS_set=
ac_cv_env_CPPFLAGS_value=
ac_cv_env_CPP_set=
ac_cv_env_CPP_value=
ac_cv_env_CXXCPP_set=
ac_cv_env_CXXCPP_value=
ac_cv_env_CXXFLAGS_set=
ac_cv_env_CXXFLAGS_value=
ac_cv_env_CXX_set=
ac_cv_env_CXX_value=
ac_cv_env_DNSMASQ_set=
ac_cv_env_DNSMASQ_value=
ac_cv_env_IPTABLES_set=
ac_cv_env_IPTABLES_value=
ac_cv_env_IP_set=
ac_cv_env_IP_value=
ac_cv_env_LDFLAGS_set=
ac_cv_env_LDFLAGS_value=
ac_cv_env_LIBS_set=
ac_cv_env_LIBS_value=
ac_cv_env_PANGOCAIRO_CFLAGS_set=
ac_cv_env_PANGOCAIRO_CFLAGS_value=
ac_cv_env_PANGOCAIRO_LIBS_set=
ac_cv_env_PANGOCAIRO_LIBS_value=
ac_cv_env_PKG_CONFIG_LIBDIR_set=
ac_cv_env_PKG_CONFIG_LIBDIR_value=
ac_cv_env_PKG_CONFIG_PATH_set=
ac_cv_env_PKG_CONFIG_PATH_value=
ac_cv_env_PKG_CONFIG_set=
ac_cv_env_PKG_CONFIG_value=
ac_cv_env_XCBPRESENT_CFLAGS_set=
ac_cv_env_XCBPRESENT_CFLAGS_value=
ac_cv_env_XCBPRESENT_LIBS_set=
ac_cv_env_XCBPRESENT_LIBS_value=
ac_cv_env_XCB_CFLAGS_set=
ac_cv_env_XCB_CFLAGS_value=
ac_cv_env_XCB_LIBS_set=
ac_cv_env_XCB_LIBS_value=
ac_cv_env_build_alias_set=
ac_cv_env_build_alias_value=
ac_cv_env_host_alias_set=
ac_cv_env_host_alias_value=
ac_cv_env_libapr1_CFLAGS_set=
ac_cv_env_libapr1_CFLAGS_value=
ac_cv_env_libapr1_LIBS_set=
ac_cv_env_libapr1_LIBS_value=
ac_cv_env_libssl_CFLAGS_set=
ac_cv_env_libssl_CFLAGS_value=
ac_cv_env_libssl_LIBS_set=
ac_cv_env_libssl_LIBS_value=
ac_cv_env_protobuf_CFLAGS_set=
ac_cv_env_protobuf_CFLAGS_value=
ac_cv_env_protobuf_LIBS_set=
ac_cv_env_protobuf_LIBS_value=
ac_cv_env_target_alias_set=
ac_cv_env_target_alias_value=
ac_cv_file__etc_ssl_certs_ssl_cert_snakeoil_pem=yes
ac_cv_file__usr_lib_apache2_modules_mod_authz_core_so=yes
ac_cv_file__usr_lib_apache2_modules_mod_mpm_prefork_so=yes
ac_cv_file__usr_lib_apache2_modules_mod_ssl_so=yes
ac_cv_func_clock_gettime=yes
ac_cv_func_inet_ntoa=yes
ac_cv_func_memset=yes
ac_cv_func_mkdir=yes
ac_cv_func_setenv=yes
ac_cv_func_socket=yes
ac_cv_func_strerror=yes
ac_cv_func_strtol=yes
ac_cv_header_arpa_inet_h=yes
ac_cv_header_arpa_nameser_h=yes
ac_cv_header_dlfcn_h=yes
ac_cv_header_fcntl_h=yes
ac_cv_header_inttypes_h=yes
ac_cv_header_memory_h=yes
ac_cv_header_netdb_h=yes
ac_cv_header_netinet_in_h=yes
ac_cv_header_paths_h=yes
ac_cv_header_resolv_h=yes
ac_cv_header_stdbool_h=yes
ac_cv_header_stdc=yes
ac_cv_header_stdint_h=yes
ac_cv_header_stdlib_h=yes
ac_cv_header_string_h=yes
ac_cv_header_strings_h=yes
ac_cv_header_sys_ioctl_h=yes
ac_cv_header_sys_socket_h=yes
ac_cv_header_sys_stat_h=yes
ac_cv_header_sys_types_h=yes
ac_cv_header_unistd_h=yes
ac_cv_host=x86_64-unknown-linux-gnu
ac_cv_objext=o
ac_cv_path_APACHE2=/usr/sbin/apache2
ac_cv_path_APXS=/usr/bin/apxs
ac_cv_path_DNSMASQ=/usr/sbin/dnsmasq
ac_cv_path_EGREP='/bin/grep -E'
ac_cv_path_FGREP='/bin/grep -F'
ac_cv_path_GREP=/bin/grep
ac_cv_path_IP=/sbin/ip
ac_cv_path_IPTABLES=/sbin/iptables
ac_cv_path_PROTOC=/usr/bin/protoc
ac_cv_path_SED=/bin/sed
ac_cv_path_ac_pt_PKG_CONFIG=/usr/bin/pkg-config
ac_cv_path_install='/usr/bin/install -c'
ac_cv_path_mkdir=/bin/mkdir
ac_cv_prog_AWK=gawk
ac_cv_prog_CPP='gcc -E'
ac_cv_prog_CXXCPP='g++ -E'
ac_cv_prog_ac_ct_AR=ar
ac_cv_prog_ac_ct_CC=gcc
ac_cv_prog_ac_ct_CXX=g++
ac_cv_prog_ac_ct_MANIFEST_TOOL=mt
ac_cv_prog_ac_ct_OBJDUMP=objdump
ac_cv_prog_ac_ct_RANLIB=ranlib
ac_cv_prog_ac_ct_STRIP=strip
ac_cv_prog_cc_c89=
ac_cv_prog_cc_g=yes
ac_cv_prog_cxx_g=yes
ac_cv_prog_make_make_set=yes
ac_cv_type__Bool=yes
ac_cv_type_pid_t=yes
ac_cv_type_size_t=yes
ac_cv_type_ssize_t=yes
ac_cv_type_uid_t=yes
am_cv_CC_dependencies_compiler_type=gcc3
am_cv_CXX_dependencies_compiler_type=gcc3
am_cv_make_support_nested_variables=yes
am_cv_prog_cc_c_o=yes
lt_cv_ar_at_file=@
lt_cv_archive_cmds_need_lc=no
lt_cv_deplibs_check_method=pass_all
lt_cv_file_magic_cmd='$MAGIC_CMD'
lt_cv_file_magic_test_file=
lt_cv_ld_reload_flag=-r
lt_cv_nm_interface='BSD nm'
lt_cv_objdir=.libs
lt_cv_path_LD=/usr/bin/ld
lt_cv_path_LDCXX='/usr/bin/ld -m elf_x86_64'
lt_cv_path_NM='/usr/bin/nm -B'
lt_cv_path_mainfest_tool=no
lt_cv_prog_compiler_c_o=yes
lt_cv_prog_compiler_c_o_CXX=yes
lt_cv_prog_compiler_pic='-fPIC -DPIC'
lt_cv_prog_compiler_pic_CXX='-fPIC -DPIC'
lt_cv_prog_compiler_pic_works=yes
lt_cv_prog_compiler_pic_works_CXX=yes
lt_cv_prog_compiler_rtti_exceptions=no
lt_cv_prog_compiler_static_works=yes
lt_cv_prog_compiler_static_works_CXX=yes
lt_cv_prog_gnu_ld=yes
lt_cv_prog_gnu_ldcxx=yes
lt_cv_sharedlib_from_linklib_cmd='printf %s\n'
lt_cv_shlibpath_overrides_runpath=no
lt_cv_sys_global_symbol_pipe='sed -n -e '\''s/^.*[	 ]\([ABCDGIRSTW][ABCDGIRSTW]*\)[	 ][	 ]*\([_A-Za-z][_A-Za-z0-9]*\)$/\1 \2 \2/p'\'' | sed '\''/ __gnu_lto/d'\'''
lt_cv_sys_global_symbol_to_c_name_address='sed -n -e '\''s/^: \([^ ]*\)[ ]*$/  {\"\1\", (void *) 0},/p'\'' -e '\''s/^[ABCDGIRSTW]* \([^ ]*\) \([^ ]*\)$/  {"\2", (void *) \&\2},/p'\'''
lt_cv_sys_global_symbol_to_c_name_address_lib_prefix='sed -n -e '\''s/^: \([^ ]*\)[ ]*$/  {\"\1\", (void *) 0},/p'\'' -e '\''s/^[ABCDGIRSTW]* \([^ ]*\) \(lib[^ ]*\)$/  {"\2", (void *) \&\2},/p'\'' -e '\''s/^[ABCDGIRSTW]* \([^ ]*\) \([^ ]*\)$/  {"lib\2", (void *) \&\2},/p'\'''
lt_cv_sys_global_symbol_to_cdecl='sed -n -e '\''s/^T .* \(.*\)$/extern int \1();/p'\'' -e '\''s/^[ABCDGIRSTW]* .* \(.*\)$/extern char \1;/p'\'''
lt_cv_sys_max_cmd_len=1572864
lt_cv_to_host_file_cmd=func_convert_file_noop
lt_cv_to_tool_file_cmd=func_convert_file_noop
pkg_cv_PANGOCAIRO_CFLAGS='-pthread -I/usr/include/pango-1.0 -I/usr/include/cairo -I/usr/include/glib-2.0 -I/usr/lib/x86_64-linux-gnu/glib-2.0/include -I/usr/include/pixman-1 -I/usr/include/freetype2 -I/usr/include/libpng12  '
pkg_cv_PANGOCAIRO_LIBS='-lpangocairo-1.0 -lpango-1.0 -lcairo -lgobject-2.0 -lglib-2.0  '
pkg_cv_XCBPRESENT_CFLAGS=' '
pkg_cv_XCBPRESENT_LIBS='-lxcb-present -lxcb  '
pkg_cv_XCB_CFLAGS=' '
pkg_cv_XCB_LIBS='-lxcb  '
pkg_cv_libapr1_CFLAGS='-DLINUX -D_REENTRANT -D_GNU_SOURCE -I/usr/include/apr-1.0  '
pkg_cv_libapr1_LIBS='-lapr-1  '
pkg_cv_libssl_CFLAGS=' '
pkg_cv_libssl_LIBS='-lssl -lcrypto  '
pkg_cv_protobuf_CFLAGS='-pthread  '
pkg_cv_protobuf_LIBS='-pthread -lprotobuf -lpthread  '

## ----------------- ##
## Output variables. ##
## ----------------- ##

ACLOCAL='${SHELL} /mnt/hgfs/RLVM_MEHRDAD/rl-qm-mahimahi_stable2/mahimahi/missing aclocal-1.14'
AMDEPBACKSLASH='\'
AMDEP_FALSE='#'
AMDEP_TRUE=''
AMTAR='$${TAR-tar}'
AM_BACKSLASH='\'
AM_DEFAULT_V='$(AM_DEFAULT_VERBOSITY)'
AM_DEFAULT_VERBOSITY='1'
AM_V='$(V)'
APACHE2='/usr/sbin/apache2'
APACHE2_INCLUDE='/usr/include/apache2'
APACHE2_MODULE_DIR='/usr/lib/apache2/modules'
APXS='/usr/bin/apxs'
AR='ar'
AUTOCONF='${SHELL} /mnt/hgfs/RLVM_MEHRDAD/rl-qm-mahimahi_stable2/mahimahi/missing autoconf'
AUTOHEADER='${SHELL} /mnt/hgfs/RLVM_MEHRDAD/rl-qm-mahimahi_stable2/mahimahi/missing autoheader'
AUTOMAKE='${SHELL} /mnt/hgfs/RLVM_MEHRDAD/rl-qm-mahimahi_stable2/mahimahi/missing automake-1.14'
AWK='gawk'
CC='gcc'
CCDEPMODE='depmode=gcc3'
CFLAGS='-g -O2'
CPP='gcc -E'
CPPFLAGS=''
CXX11_FLAGS='-std=c++11 -pthread'
CXX='g++'
CXXCPP='g++ -E'
CXXDEPMODE='depmode=gcc3'
CXXFLAGS='-g -O2'
CYGPATH_W='echo'
DEFS='-DHAVE_CONFIG_H'
DEPDIR='.deps'
DLLTOOL='false'
DNSMASQ='/usr/sbin/dnsmasq'
DSYMUTIL=''
DUMPBIN=''
ECHO_C=''
ECHO_N='-n'
ECHO_T=''
EGREP='/bin/grep -E'
EXEEXT=''
FGREP='/bin/grep -F'
GREP='/bin/grep'
INSTALL_DATA='${INSTALL} -m 644'
INSTALL_PROGRAM='${INSTALL}'
INSTALL_SCRIPT='${INSTALL}'
INSTALL_STRIP_PROGRAM='$(install_sh) -c -s'
IP='/sbin/ip'
IPTABLES='/sbin/iptables'
LD='/usr/bin/ld -m elf_x86_64'
LDFLAGS=''
LIBOBJS=''
LIBS=''
LIBTOOL='$(SHELL) $(top_builddir)/libtool'
LIPO=''
LN_S='ln -s'
LTLIBOBJS=''
MAKEINFO='${SHELL} /mnt/hgfs/RLVM_MEHRDAD/rl-qm-mahimahi_stable2/mahimahi/missing makeinfo'
MANIFEST_TOOL=':'
MKDIR_P='/bin/mkdir -p'
NM='/usr/bin/nm -B'
NMEDIT=''
OBJDUMP='objdump'
OBJEXT='o'
OTOOL64=''
OTOOL=''
PACKAGE='mahimahi'
PACKAGE_BUGREPORT='mahimahi@mit.edu'
PACKAGE_NAME='mahimahi'
PACKAGE_STRING='mahimahi 0.95'
PACKAGE_TARNAME='mahimahi'
PACKAGE_URL=''
PACKAGE_VERSION='0.95'
PANGOCAIRO_CFLAGS='-pthread -I/usr/include/pango-1.0 -I/usr/include/cairo -I/usr/include/glib-2.0 -I/usr/lib/x86_64-linux-gnu/glib-2.0/include -I/usr/include/pixman-1 -I/usr/include/freetype2 -I/usr/include/libpng12  '
PANGOCAIRO_LIBS='-lpangocairo-1.0 -lpango-1.0 -lcairo -lgobject-2.0 -lglib-2.0  '
PATH_SEPARATOR=':'
PICKY_CXXFLAGS='-pedantic -Wall -Wextra -Weffc++ -Werror'
PKG_CONFIG='/usr/bin/pkg-config'
PKG_CONFIG_LIBDIR=''
PKG_CONFIG_PATH=''
PROTOC='/usr/bin/protoc'
RANLIB='ranlib'
SED='/bin/sed'
SET_MAKE=''
SHELL='/bin/bash'
STRIP='strip'
VERSION='0.95'
XCBPRESENT_CFLAGS=' '
XCBPRESENT_LIBS='-lxcb-present -lxcb  '
XCB_CFLAGS=' '
XCB_LIBS='-lxcb  '
ac_ct_AR='ar'
ac_ct_CC='gcc'
ac_ct_CXX='g++'
ac_ct_DUMPBIN=''
am__EXEEXT_FALSE=''
am__EXEEXT_TRUE='#'
am__fastdepCC_FALSE='#'
am__fastdepCC_TRUE=''
am__fastdepCXX_FALSE='#'
am__fastdepCXX_TRUE=''
am__include='include'
am__isrc=''
am__leading_dot='.'
am__nodep='_no'
am__quote=''
am__tar='$${TAR-tar} chof - "$$tardir"'
am__untar='$${TAR-tar} xf -'
bindir='${exec_prefix}/bin'
build='x86_64-unknown-linux-gnu'
build_alias=''
build_cpu='x86_64'
build_os='linux-gnu'
build_vendor='unknown'
datadir='${datarootdir}'
datarootdir='${prefix}/share'
docdir='${datarootdir}/doc/${PACKAGE_TARNAME}'
dvidir='${docdir}'
exec_prefix='${prefix}'
host='x86_64-unknown-linux-gnu'
host_alias=''
host_cpu='x86_64'
host_os='linux-gnu'
host_vendor='unknown'
htmldir='${docdir}'
includedir='${prefix}/include'
infodir='${datarootdir}/info'
install_sh='${SHELL} /mnt/hgfs/RLVM_MEHRDAD/rl-qm-mahimahi_stable2/mahimahi/install-sh'
libapr1_CFLAGS='-DLINUX -D_REENTRANT -D_GNU_SOURCE -I/usr/include/apr-1.0  '
libapr1_LIBS='-lapr-1  '
libdir='${exec_prefix}/lib'
libexecdir='${exec_prefix}/libexec'
libssl_CFLAGS=' '
libssl_LIBS='-lssl -lcrypto  '
localedir='${datarootdir}/locale'
localstatedir='${prefix}/var'
mandir='${datarootdir}/man'
mkdir_p='$(MKDIR_P)'
oldincludedir='/usr/include'
pdfdir='${docdir}'
prefix='/usr/local'
program_transform_name='s,x,x,'
protobuf_CFLAGS='-pthread  '
protobuf_LIBS='-pthread -lprotobuf -lpthread  '
psdir='${docdir}'
sbindir='${exec_prefix}/sbin'
sharedstatedir='${prefix}/com'
sysconfdir='${prefix}/etc'
target_alias=''

## ----------- ##
## confdefs.h. ##
## ----------- ##

/* confdefs.h */
#define PACKAGE_NAME "mahimahi"
#define PACKAGE_TARNAME "mahimahi"
#define PACKAGE_VERSION "0.95"
#define PACKAGE_STRING "mahimahi 0.95"
#define PACKAGE_BUGREPORT "mahimahi@mit.edu"
#define PACKAGE_URL ""
#define PACKAGE "mahimahi"
#define VERSION "0.95"
#define STDC_HEADERS 1
#define HAVE_SYS_TYPES_H 1
#define HAVE_SYS_STAT_H 1
#define HAVE_STDLIB_H 1
#define HAVE_STRING_H 1
#define HAVE_MEMORY_H 1
#define HAVE_STRINGS_H 1
#define HAVE_INTTYPES_H 1
#define HAVE_STDINT_H 1
#define HAVE_UNISTD_H 1
#define HAVE_DLFCN_H 1
#define LT_OBJDIR ".libs/"
#define IPTABLES "/sbin/iptables"
#define IP "/sbin/ip"
#define APACHE2 "/usr/sbin/apache2"
#define DNSMASQ "/usr/sbin/dnsmasq"
#define MOD_MPM_PREFORK "/usr/lib/apache2/modules/mod_mpm_prefork.so"
#define MOD_AUTHZ_CORE "/usr/lib/apache2/modules/mod_authz_core.so"
#define MOD_SSL "/usr/lib/apache2/modules/mod_ssl.so"
#define MOD_SSL_CERTIFICATE_FILE "/etc/ssl/certs/ssl-cert-snakeoil.pem"
#define MOD_SSL_KEY "/etc/ssl/private/ssl-cert-snakeoil.key"
#define REPLAYSERVER "/usr/local/bin/mm-replayserver"
#define MOD_DEEPCGI "/usr/local/lib//libmod_deepcgi.so"
#define HAVE_SYS_TYPES_H 1
#define HAVE_NETINET_IN_H 1
#define HAVE_ARPA_NAMESER_H 1
#define HAVE_NETDB_H 1
#define HAVE_RESOLV_H 1
#define HAVE_ARPA_INET_H 1
#define HAVE_FCNTL_H 1
#define HAVE_NETDB_H 1
#define HAVE_NETINET_IN_H 1
#define HAVE_PATHS_H 1
#define HAVE_SYS_IOCTL_H 1
#define HAVE_SYS_SOCKET_H 1
#define HAVE_UNISTD_H 1
#define HAVE__BOOL 1
#define HAVE_CLOCK_GETTIME 1
#define HAVE_INET_NTOA 1
#define HAVE_MEMSET 1
#define HAVE_MKDIR 1
#define HAVE_SETENV 1
#define HAVE_SOCKET 1
#define HAVE_STRERROR 1
#define HAVE_STRTOL 1

configure: exit 0
